app/build/intermediates/manifest_merge_blame_file/debug/manifest-merger-blame-debug-report.txt
1<?xml version="1.0" encoding="utf-8"?>
2<manifest xmlns:android="http://schemas.android.com/apk/res/android"
3    package="com.egamez.org"
4    android:versionCode="1"
5    android:versionName="0.1.0" >
6
7    <uses-sdk
8        android:minSdkVersion="21"
8-->src\main\AndroidManifest.xml
9        android:targetSdkVersion="30" />
9-->src\main\AndroidManifest.xml
10
11    <uses-permission android:name="android.permission.REQUEST_INSTALL_PACKAGES" />
11-->src\main\AndroidManifest.xml:6:5-83
11-->src\main\AndroidManifest.xml:6:22-80
12    <uses-permission android:name="android.permission.INTERNET" />
12-->src\main\AndroidManifest.xml:7:5-67
12-->src\main\AndroidManifest.xml:7:22-64
13    <uses-permission android:name="android.permission.ACCESS_NETWORK_STATE" />
13-->src\main\AndroidManifest.xml:8:5-79
13-->src\main\AndroidManifest.xml:8:22-76
14    <uses-permission android:name="android.permission.ACCESS_WIFI_STATE" />
14-->src\main\AndroidManifest.xml:9:5-76
14-->src\main\AndroidManifest.xml:9:22-73
15    <uses-permission android:name="android.permission.WRITE_EXTERNAL_STORAGE" />
15-->src\main\AndroidManifest.xml:10:5-11:40
15-->src\main\AndroidManifest.xml:10:22-78
16    <uses-permission android:name="android.permission.READ_EXTERNAL_STORAGE" />
16-->src\main\AndroidManifest.xml:12:5-80
16-->src\main\AndroidManifest.xml:12:22-77
17    <uses-permission android:name="android.permission.ACCESS_COARSE_LOCATION" />
17-->src\main\AndroidManifest.xml:13:5-81
17-->src\main\AndroidManifest.xml:13:22-78
18    <uses-permission android:name="android.permission.ACCESS_FINE_LOCATION" />
18-->src\main\AndroidManifest.xml:14:5-79
18-->src\main\AndroidManifest.xml:14:22-76
19
20    <!-- Create a unique permission for your app and use it so only your app can receive your OneSignal messages. -->
21    <permission
21-->[com.onesignal:OneSignal:4.7.0] AndroidManifest.xml:7:5-9:47
22        android:name="com.egamez.org.permission.C2D_MESSAGE"
22-->[com.onesignal:OneSignal:4.7.0] AndroidManifest.xml:8:9-63
23        android:protectionLevel="signature" />
23-->[com.onesignal:OneSignal:4.7.0] AndroidManifest.xml:9:9-44
24
25    <uses-permission android:name="com.egamez.org.permission.C2D_MESSAGE" /> <!-- c2dm RECEIVE are basic requirements for push messages through Google's FCM -->
25-->[com.onesignal:OneSignal:4.7.0] AndroidManifest.xml:11:5-79
25-->[com.onesignal:OneSignal:4.7.0] AndroidManifest.xml:11:22-76
26    <uses-permission android:name="com.google.android.c2dm.permission.RECEIVE" /> <!-- Required, makes sure notifications are delivered on time. -->
26-->[com.onesignal:OneSignal:4.7.0] AndroidManifest.xml:17:5-82
26-->[com.onesignal:OneSignal:4.7.0] AndroidManifest.xml:17:22-79
27    <uses-permission android:name="android.permission.WAKE_LOCK" />
27-->[com.onesignal:OneSignal:4.7.0] AndroidManifest.xml:18:5-68
27-->[com.onesignal:OneSignal:4.7.0] AndroidManifest.xml:18:22-65
28    <!--
29 Required so the device vibrates on receiving a push notification.
30         Vibration settings of the device still apply.
31    -->
32    <uses-permission android:name="android.permission.VIBRATE" />
32-->[com.onesignal:OneSignal:4.7.0] AndroidManifest.xml:23:5-66
32-->[com.onesignal:OneSignal:4.7.0] AndroidManifest.xml:23:22-63
33    <!--
34 Use to restore notifications the user hasn't interacted with.
35         They could be missed notifications if the user reboots their device if this isn't in place.
36    -->
37    <uses-permission android:name="android.permission.RECEIVE_BOOT_COMPLETED" /> <!-- START: ShortcutBadger -->
37-->[com.onesignal:OneSignal:4.7.0] AndroidManifest.xml:29:5-81
37-->[com.onesignal:OneSignal:4.7.0] AndroidManifest.xml:29:22-78
38    <!-- Samsung -->
39    <uses-permission android:name="com.sec.android.provider.badge.permission.READ" />
39-->[com.onesignal:OneSignal:4.7.0] AndroidManifest.xml:31:5-86
39-->[com.onesignal:OneSignal:4.7.0] AndroidManifest.xml:31:22-83
40    <uses-permission android:name="com.sec.android.provider.badge.permission.WRITE" /> <!-- HTC -->
40-->[com.onesignal:OneSignal:4.7.0] AndroidManifest.xml:32:5-87
40-->[com.onesignal:OneSignal:4.7.0] AndroidManifest.xml:32:22-84
41    <uses-permission android:name="com.htc.launcher.permission.READ_SETTINGS" />
41-->[com.onesignal:OneSignal:4.7.0] AndroidManifest.xml:33:5-81
41-->[com.onesignal:OneSignal:4.7.0] AndroidManifest.xml:33:22-78
42    <uses-permission android:name="com.htc.launcher.permission.UPDATE_SHORTCUT" /> <!-- Sony -->
42-->[com.onesignal:OneSignal:4.7.0] AndroidManifest.xml:34:5-83
42-->[com.onesignal:OneSignal:4.7.0] AndroidManifest.xml:34:22-80
43    <uses-permission android:name="com.sonyericsson.home.permission.BROADCAST_BADGE" />
43-->[com.onesignal:OneSignal:4.7.0] AndroidManifest.xml:35:5-88
43-->[com.onesignal:OneSignal:4.7.0] AndroidManifest.xml:35:22-85
44    <uses-permission android:name="com.sonymobile.home.permission.PROVIDER_INSERT_BADGE" /> <!-- Apex -->
44-->[com.onesignal:OneSignal:4.7.0] AndroidManifest.xml:36:5-92
44-->[com.onesignal:OneSignal:4.7.0] AndroidManifest.xml:36:22-89
45    <uses-permission android:name="com.anddoes.launcher.permission.UPDATE_COUNT" /> <!-- Solid -->
45-->[com.onesignal:OneSignal:4.7.0] AndroidManifest.xml:37:5-84
45-->[com.onesignal:OneSignal:4.7.0] AndroidManifest.xml:37:22-81
46    <uses-permission android:name="com.majeur.launcher.permission.UPDATE_BADGE" /> <!-- Huawei -->
46-->[com.onesignal:OneSignal:4.7.0] AndroidManifest.xml:38:5-83
46-->[com.onesignal:OneSignal:4.7.0] AndroidManifest.xml:38:22-80
47    <uses-permission android:name="com.huawei.android.launcher.permission.CHANGE_BADGE" />
47-->[com.onesignal:OneSignal:4.7.0] AndroidManifest.xml:39:5-91
47-->[com.onesignal:OneSignal:4.7.0] AndroidManifest.xml:39:22-88
48    <uses-permission android:name="com.huawei.android.launcher.permission.READ_SETTINGS" />
48-->[com.onesignal:OneSignal:4.7.0] AndroidManifest.xml:40:5-92
48-->[com.onesignal:OneSignal:4.7.0] AndroidManifest.xml:40:22-89
49    <uses-permission android:name="com.huawei.android.launcher.permission.WRITE_SETTINGS" /> <!-- ZUK -->
49-->[com.onesignal:OneSignal:4.7.0] AndroidManifest.xml:41:5-93
49-->[com.onesignal:OneSignal:4.7.0] AndroidManifest.xml:41:22-90
50    <uses-permission android:name="android.permission.READ_APP_BADGE" /> <!-- OPPO -->
50-->[com.onesignal:OneSignal:4.7.0] AndroidManifest.xml:42:5-73
50-->[com.onesignal:OneSignal:4.7.0] AndroidManifest.xml:42:22-70
51    <uses-permission android:name="com.oppo.launcher.permission.READ_SETTINGS" />
51-->[com.onesignal:OneSignal:4.7.0] AndroidManifest.xml:43:5-82
51-->[com.onesignal:OneSignal:4.7.0] AndroidManifest.xml:43:22-79
52    <uses-permission android:name="com.oppo.launcher.permission.WRITE_SETTINGS" /> <!-- EvMe -->
52-->[com.onesignal:OneSignal:4.7.0] AndroidManifest.xml:44:5-83
52-->[com.onesignal:OneSignal:4.7.0] AndroidManifest.xml:44:22-80
53    <uses-permission android:name="me.everything.badger.permission.BADGE_COUNT_READ" />
53-->[com.onesignal:OneSignal:4.7.0] AndroidManifest.xml:45:5-88
53-->[com.onesignal:OneSignal:4.7.0] AndroidManifest.xml:45:22-85
54    <uses-permission android:name="me.everything.badger.permission.BADGE_COUNT_WRITE" />
54-->[com.onesignal:OneSignal:4.7.0] AndroidManifest.xml:46:5-89
54-->[com.onesignal:OneSignal:4.7.0] AndroidManifest.xml:46:22-86
55    <uses-permission android:name="android.permission.READ_PHONE_STATE" /> <!-- Telephony is optional (Auto-read SMS) -->
55-->[com.instamojo:android-sdk:3.4.0] AndroidManifest.xml:15:5-75
55-->[com.instamojo:android-sdk:3.4.0] AndroidManifest.xml:15:22-72
56    <uses-feature
56-->[com.instamojo:android-sdk:3.4.0] AndroidManifest.xml:18:5-20:36
57        android:name="android.hardware.telephony"
57-->[com.instamojo:android-sdk:3.4.0] AndroidManifest.xml:19:9-50
58        android:required="false" />
58-->[com.instamojo:android-sdk:3.4.0] AndroidManifest.xml:20:9-33
59
60    <uses-permission android:name="com.google.android.finsky.permission.BIND_GET_INSTALL_REFERRER_SERVICE" /> <!-- Android package visibility setting -->
60-->[com.google.android.gms:play-services-measurement:19.0.1] AndroidManifest.xml:26:5-110
60-->[com.google.android.gms:play-services-measurement:19.0.1] AndroidManifest.xml:26:22-107
61    <queries>
61-->[com.google.android.gms:play-services-ads-lite:19.6.0] AndroidManifest.xml:27:5-38:15
62
63        <!-- For browser content -->
64        <intent>
64-->[com.google.android.gms:play-services-ads-lite:19.6.0] AndroidManifest.xml:30:9-36:18
65            <action android:name="android.intent.action.VIEW" />
65-->src\main\AndroidManifest.xml:120:17-69
65-->src\main\AndroidManifest.xml:120:25-66
66
67            <category android:name="android.intent.category.BROWSABLE" />
67-->src\main\AndroidManifest.xml:123:17-78
67-->src\main\AndroidManifest.xml:123:27-75
68
69            <data android:scheme="https" />
69-->src\main\AndroidManifest.xml:125:17-75
69-->src\main\AndroidManifest.xml:125:23-72
70        </intent>
71        <!-- End of browser content -->
72    </queries>
73
74    <uses-permission android:name="android.permission.CAMERA" />
74-->[io.card:android-sdk:5.5.1] AndroidManifest.xml:9:5-65
74-->[io.card:android-sdk:5.5.1] AndroidManifest.xml:9:22-62
75
76    <uses-feature
76-->[io.card:android-sdk:5.5.1] AndroidManifest.xml:12:5-14:36
77        android:name="android.hardware.camera"
77-->[io.card:android-sdk:5.5.1] AndroidManifest.xml:13:9-47
78        android:required="false" />
78-->[io.card:android-sdk:5.5.1] AndroidManifest.xml:14:9-33
79    <uses-feature
79-->[io.card:android-sdk:5.5.1] AndroidManifest.xml:15:5-17:36
80        android:name="android.hardware.camera.autofocus"
80-->[io.card:android-sdk:5.5.1] AndroidManifest.xml:16:9-57
81        android:required="false" />
81-->[io.card:android-sdk:5.5.1] AndroidManifest.xml:17:9-33
82
83    <application
83-->src\main\AndroidManifest.xml:22:5-270:19
84        android:name="com.egamez.org.utils.MyApp"
84-->src\main\AndroidManifest.xml:23:9-50
85        android:allowBackup="true"
85-->src\main\AndroidManifest.xml:24:9-35
86        android:appComponentFactory="androidx.core.app.CoreComponentFactory"
86-->[androidx.core:core:1.3.2] AndroidManifest.xml:24:18-86
87        android:debuggable="true"
88        android:hardwareAccelerated="true"
88-->src\main\AndroidManifest.xml:25:9-43
89        android:icon="@mipmap/ic_launcher"
89-->src\main\AndroidManifest.xml:26:9-43
90        android:label="@string/app_name"
90-->src\main\AndroidManifest.xml:27:9-41
91        android:largeHeap="true"
91-->src\main\AndroidManifest.xml:28:9-33
92        android:requestLegacyExternalStorage="true"
92-->src\main\AndroidManifest.xml:30:9-52
93        android:roundIcon="@mipmap/ic_launcher_round"
93-->src\main\AndroidManifest.xml:29:9-54
94        android:supportsRtl="true"
94-->src\main\AndroidManifest.xml:31:9-35
95        android:testOnly="true"
96        android:theme="@style/AppTheme" >
96-->src\main\AndroidManifest.xml:32:9-40
97        <uses-library
97-->src\main\AndroidManifest.xml:34:9-36:40
98            android:name="org.apache.http.legacy"
98-->src\main\AndroidManifest.xml:35:13-50
99            android:required="false" />
99-->src\main\AndroidManifest.xml:36:13-37
100
101        <!--
102            <activity
103            android:name="com.yalantis.ucrop.UCropActivity"
104            android:screenOrientation="portrait"
105            android:theme="@style/Theme.AppCompat.Light.NoActionBar" />
106        -->
107        <activity
107-->src\main\AndroidManifest.xml:43:9-52:20
108            android:name="com.egamez.org.ui.activities.FirstActivity"
108-->src\main\AndroidManifest.xml:44:13-70
109            android:screenOrientation="portrait"
109-->src\main\AndroidManifest.xml:45:13-49
110            android:theme="@style/AppThemeforfirstpage" >
110-->src\main\AndroidManifest.xml:46:13-56
111            <intent-filter>
111-->src\main\AndroidManifest.xml:47:13-51:29
112                <action android:name="android.intent.action.MAIN" />
112-->src\main\AndroidManifest.xml:48:17-69
112-->src\main\AndroidManifest.xml:48:25-66
113
114                <category android:name="android.intent.category.LAUNCHER" />
114-->src\main\AndroidManifest.xml:50:17-77
114-->src\main\AndroidManifest.xml:50:27-74
115            </intent-filter>
116        </activity>
117        <activity
117-->src\main\AndroidManifest.xml:55:9-57:52
118            android:name="com.egamez.org.ui.activities.SingleOrderActivity"
118-->src\main\AndroidManifest.xml:56:13-76
119            android:screenOrientation="portrait" />
119-->src\main\AndroidManifest.xml:57:13-49
120        <activity
120-->src\main\AndroidManifest.xml:58:9-60:52
121            android:name="com.egamez.org.ui.activities.MyOrderActivity"
121-->src\main\AndroidManifest.xml:59:13-72
122            android:screenOrientation="portrait" />
122-->src\main\AndroidManifest.xml:60:13-49
123        <activity
123-->src\main\AndroidManifest.xml:61:9-63:52
124            android:name="com.egamez.org.ui.activities.SuccessOrderActivity"
124-->src\main\AndroidManifest.xml:62:13-77
125            android:screenOrientation="portrait" />
125-->src\main\AndroidManifest.xml:63:13-49
126        <activity
126-->src\main\AndroidManifest.xml:64:9-66:52
127            android:name="com.egamez.org.ui.activities.ProductOrderActivity"
127-->src\main\AndroidManifest.xml:65:13-77
128            android:screenOrientation="portrait" />
128-->src\main\AndroidManifest.xml:66:13-49
129        <activity
129-->src\main\AndroidManifest.xml:67:9-69:52
130            android:name="com.egamez.org.ui.activities.SingleProductActivity"
130-->src\main\AndroidManifest.xml:68:13-78
131            android:screenOrientation="portrait" />
131-->src\main\AndroidManifest.xml:69:13-49
132        <activity
132-->src\main\AndroidManifest.xml:70:9-72:52
133            android:name="com.egamez.org.ui.activities.ProductActivity"
133-->src\main\AndroidManifest.xml:71:13-72
134            android:screenOrientation="portrait" />
134-->src\main\AndroidManifest.xml:72:13-49
135
136        <meta-data
136-->src\main\AndroidManifest.xml:73:9-75:36
137            android:name="firebase_crashlytics_collection_enabled"
137-->src\main\AndroidManifest.xml:74:13-67
138            android:value="true" />
138-->src\main\AndroidManifest.xml:75:13-33
139        <meta-data
139-->src\main\AndroidManifest.xml:76:9-78:52
140            android:name="com.google.android.gms.ads.APPLICATION_ID"
140-->src\main\AndroidManifest.xml:77:13-69
141            android:value="@string/admob_app_id" />
141-->src\main\AndroidManifest.xml:78:13-49
142
143        <activity
143-->src\main\AndroidManifest.xml:80:9-82:52
144            android:name="com.egamez.org.ui.activities.MyRewardedActivity"
144-->src\main\AndroidManifest.xml:81:13-75
145            android:screenOrientation="portrait" />
145-->src\main\AndroidManifest.xml:82:13-49
146        <activity
146-->src\main\AndroidManifest.xml:84:9-88:51
147            android:name="com.egamez.org.ui.activities.WatchAndEarnActivity"
147-->src\main\AndroidManifest.xml:85:13-77
148            android:label=""
148-->src\main\AndroidManifest.xml:86:13-29
149            android:screenOrientation="portrait"
149-->src\main\AndroidManifest.xml:87:13-49
150            android:theme="@style/AppThemetest" />
150-->src\main\AndroidManifest.xml:88:13-48
151        <activity
151-->src\main\AndroidManifest.xml:90:9-92:52
152            android:name="com.egamez.org.ui.activities.FpOtpVerificationActivity"
152-->src\main\AndroidManifest.xml:91:13-82
153            android:screenOrientation="portrait" />
153-->src\main\AndroidManifest.xml:92:13-49
154        <activity
154-->src\main\AndroidManifest.xml:93:9-95:52
155            android:name="com.egamez.org.ui.activities.SelectedLotteryActivity"
155-->src\main\AndroidManifest.xml:94:13-80
156            android:screenOrientation="portrait" />
156-->src\main\AndroidManifest.xml:95:13-49
157        <activity
157-->src\main\AndroidManifest.xml:96:9-98:52
158            android:name="com.egamez.org.ui.activities.LotteryActivity"
158-->src\main\AndroidManifest.xml:97:13-72
159            android:screenOrientation="portrait" />
159-->src\main\AndroidManifest.xml:98:13-49
160        <activity
160-->src\main\AndroidManifest.xml:99:9-101:52
161            android:name="com.egamez.org.ui.activities.AnnouncementActivity"
161-->src\main\AndroidManifest.xml:100:13-77
162            android:screenOrientation="portrait" />
162-->src\main\AndroidManifest.xml:101:13-49
163        <activity
163-->src\main\AndroidManifest.xml:102:9-104:52
164            android:name="com.egamez.org.ui.activities.OtpVerifyActivity"
164-->src\main\AndroidManifest.xml:103:13-74
165            android:screenOrientation="portrait" />
165-->src\main\AndroidManifest.xml:104:13-49
166
167        <meta-data
167-->src\main\AndroidManifest.xml:106:9-108:55
168            android:name="com.facebook.sdk.ApplicationId"
168-->src\main\AndroidManifest.xml:107:13-58
169            android:value="@string/facebook_app_id" />
169-->src\main\AndroidManifest.xml:108:13-52
170
171        <activity
171-->src\main\AndroidManifest.xml:110:9-114:52
172            android:name="com.facebook.FacebookActivity"
172-->src\main\AndroidManifest.xml:111:13-57
173            android:configChanges="keyboard|keyboardHidden|screenLayout|screenSize|orientation"
173-->src\main\AndroidManifest.xml:112:13-96
174            android:label="@string/app_name"
174-->src\main\AndroidManifest.xml:113:13-45
175            android:screenOrientation="portrait"
175-->src\main\AndroidManifest.xml:114:13-49
176            android:theme="@style/com_facebook_activity_theme" />
176-->[com.facebook.android:facebook-common:9.0.0] AndroidManifest.xml:33:13-63
177        <activity
177-->src\main\AndroidManifest.xml:115:9-127:20
178            android:name="com.facebook.CustomTabActivity"
178-->src\main\AndroidManifest.xml:116:13-58
179            android:exported="true"
179-->src\main\AndroidManifest.xml:117:13-36
180            android:screenOrientation="portrait" >
180-->src\main\AndroidManifest.xml:118:13-49
181            <intent-filter>
181-->src\main\AndroidManifest.xml:119:13-126:29
182                <action android:name="android.intent.action.VIEW" />
182-->src\main\AndroidManifest.xml:120:17-69
182-->src\main\AndroidManifest.xml:120:25-66
183
184                <category android:name="android.intent.category.DEFAULT" />
184-->src\main\AndroidManifest.xml:122:17-76
184-->src\main\AndroidManifest.xml:122:27-73
185                <category android:name="android.intent.category.BROWSABLE" />
185-->src\main\AndroidManifest.xml:123:17-78
185-->src\main\AndroidManifest.xml:123:27-75
186
187                <data android:scheme="@string/fb_login_protocol_scheme" />
187-->src\main\AndroidManifest.xml:125:17-75
187-->src\main\AndroidManifest.xml:125:23-72
188            </intent-filter>
189            <intent-filter>
189-->[com.facebook.android:facebook-common:9.0.0] AndroidManifest.xml:39:13-48:29
190                <action android:name="android.intent.action.VIEW" />
190-->src\main\AndroidManifest.xml:120:17-69
190-->src\main\AndroidManifest.xml:120:25-66
191
192                <category android:name="android.intent.category.DEFAULT" />
192-->src\main\AndroidManifest.xml:122:17-76
192-->src\main\AndroidManifest.xml:122:27-73
193                <category android:name="android.intent.category.BROWSABLE" />
193-->src\main\AndroidManifest.xml:123:17-78
193-->src\main\AndroidManifest.xml:123:27-75
194
195                <data
195-->src\main\AndroidManifest.xml:125:17-75
196                    android:host="cct.com.egamez.org"
197                    android:scheme="fbconnect" />
197-->src\main\AndroidManifest.xml:125:23-72
198            </intent-filter>
199        </activity>
200        <activity
200-->src\main\AndroidManifest.xml:128:9-130:52
201            android:name="com.egamez.org.ui.activities.IndroductionActivity"
201-->src\main\AndroidManifest.xml:129:13-77
202            android:screenOrientation="portrait" />
202-->src\main\AndroidManifest.xml:130:13-49
203        <activity
203-->src\main\AndroidManifest.xml:131:9-133:52
204            android:name="com.egamez.org.ui.activities.OfflinePaymentActivity"
204-->src\main\AndroidManifest.xml:132:13-79
205            android:screenOrientation="portrait" />
205-->src\main\AndroidManifest.xml:133:13-49
206        <activity
206-->src\main\AndroidManifest.xml:134:9-136:52
207            android:name="com.egamez.org.ui.activities.TermsandConditionActivity"
207-->src\main\AndroidManifest.xml:135:13-82
208            android:screenOrientation="portrait" />
208-->src\main\AndroidManifest.xml:136:13-49
209        <activity
209-->src\main\AndroidManifest.xml:137:9-139:52
210            android:name="com.egamez.org.ui.activities.LeaderboardActivity"
210-->src\main\AndroidManifest.xml:138:13-76
211            android:screenOrientation="portrait" />
211-->src\main\AndroidManifest.xml:139:13-49
212        <activity
212-->src\main\AndroidManifest.xml:140:9-143:58
213            android:name="com.egamez.org.ui.activities.WithdrawMoneyActivity"
213-->src\main\AndroidManifest.xml:141:13-78
214            android:screenOrientation="portrait"
214-->src\main\AndroidManifest.xml:142:13-49
215            android:theme="@style/AppThemeplaceholder" />
215-->src\main\AndroidManifest.xml:143:13-55
216        <activity
216-->src\main\AndroidManifest.xml:144:9-147:58
217            android:name="com.egamez.org.ui.activities.AddMoneyActivity"
217-->src\main\AndroidManifest.xml:145:13-73
218            android:screenOrientation="portrait"
218-->src\main\AndroidManifest.xml:146:13-49
219            android:theme="@style/AppThemeplaceholder" />
219-->src\main\AndroidManifest.xml:147:13-55
220        <activity
220-->src\main\AndroidManifest.xml:148:9-150:52
221            android:name="com.egamez.org.ui.activities.MyReferralsActivity"
221-->src\main\AndroidManifest.xml:149:13-76
222            android:screenOrientation="portrait" />
222-->src\main\AndroidManifest.xml:150:13-49
223        <activity
223-->src\main\AndroidManifest.xml:151:9-155:51
224            android:name="com.egamez.org.ui.activities.ReferandEarnActivity"
224-->src\main\AndroidManifest.xml:152:13-77
225            android:label=""
225-->src\main\AndroidManifest.xml:153:13-29
226            android:screenOrientation="portrait"
226-->src\main\AndroidManifest.xml:154:13-49
227            android:theme="@style/AppThemetest" />
227-->src\main\AndroidManifest.xml:155:13-48
228        <activity
228-->src\main\AndroidManifest.xml:156:9-158:52
229            android:name="com.egamez.org.ui.activities.SelectedGameActivity"
229-->src\main\AndroidManifest.xml:157:13-77
230            android:screenOrientation="portrait" />
230-->src\main\AndroidManifest.xml:158:13-49
231        <activity
231-->src\main\AndroidManifest.xml:159:9-161:52
232            android:name="com.egamez.org.ui.activities.FriendRequestActivity"
232-->src\main\AndroidManifest.xml:160:13-78
233            android:screenOrientation="portrait" />
233-->src\main\AndroidManifest.xml:161:13-49
234        <activity
234-->src\main\AndroidManifest.xml:162:9-164:52
235            android:name="com.egamez.org.ui.activities.NotificationActivity"
235-->src\main\AndroidManifest.xml:163:13-77
236            android:screenOrientation="portrait" />
236-->src\main\AndroidManifest.xml:164:13-49
237        <activity
237-->src\main\AndroidManifest.xml:165:9-167:52
238            android:name="com.egamez.org.ui.activities.AppUpdateActivity"
238-->src\main\AndroidManifest.xml:166:13-74
239            android:screenOrientation="portrait" />
239-->src\main\AndroidManifest.xml:167:13-49
240        <activity
240-->src\main\AndroidManifest.xml:168:9-171:52
241            android:name="com.egamez.org.ui.activities.HowtoActivity"
241-->src\main\AndroidManifest.xml:169:13-70
242            android:configChanges="orientation|screenSize"
242-->src\main\AndroidManifest.xml:170:13-59
243            android:screenOrientation="portrait" />
243-->src\main\AndroidManifest.xml:171:13-49
244        <!--
245 <provider
246            android:name=".utils.GenericFileProvider"
247            android:authorities="${applicationId}.fileprovider"
248            android:exported="false"
249            android:grantUriPermissions="true">
250            <meta-data
251                android:name="android.support.FILE_PROVIDER_PATHS"
252                android:resource="@xml/provider_paths" />
253        </provider>
254        -->
255        <provider
256            android:name="androidx.core.content.FileProvider"
256-->src\main\AndroidManifest.xml:184:13-62
257            android:authorities="com.egamez.org.provider"
257-->src\main\AndroidManifest.xml:185:13-60
258            android:exported="false"
258-->src\main\AndroidManifest.xml:186:13-37
259            android:grantUriPermissions="true" >
259-->src\main\AndroidManifest.xml:187:13-47
260            <meta-data
260-->src\main\AndroidManifest.xml:188:13-190:58
261                android:name="android.support.FILE_PROVIDER_PATHS"
261-->src\main\AndroidManifest.xml:189:17-67
262                android:resource="@xml/provider_paths" />
262-->src\main\AndroidManifest.xml:190:17-55
263        </provider>
264
265        <receiver android:name="com.egamez.org.utils.InstallReceivernew" >
265-->src\main\AndroidManifest.xml:193:9-202:20
265-->src\main\AndroidManifest.xml:193:19-73
266            <intent-filter>
266-->src\main\AndroidManifest.xml:194:13-201:29
267                <action android:name="android.intent.action.PACKAGE_ADDED" />
267-->src\main\AndroidManifest.xml:195:17-78
267-->src\main\AndroidManifest.xml:195:25-75
268                <action android:name="android.intent.action.PACKAGE_CHANGED" />
268-->src\main\AndroidManifest.xml:196:17-80
268-->src\main\AndroidManifest.xml:196:25-77
269
270                <category android:name="android.intent.category.DEFAULT" />
270-->src\main\AndroidManifest.xml:122:17-76
270-->src\main\AndroidManifest.xml:122:27-73
271
272                <data android:scheme="package" />
272-->src\main\AndroidManifest.xml:125:17-75
272-->src\main\AndroidManifest.xml:125:23-72
273            </intent-filter>
274        </receiver>
275
276        <activity
276-->src\main\AndroidManifest.xml:205:9-207:52
277            android:name="com.egamez.org.ui.activities.NoInternetActivity"
277-->src\main\AndroidManifest.xml:206:13-75
278            android:screenOrientation="portrait" />
278-->src\main\AndroidManifest.xml:207:13-49
279        <activity
279-->src\main\AndroidManifest.xml:208:9-210:52
280            android:name="com.egamez.org.ui.activities.SuccessJoinActivity"
280-->src\main\AndroidManifest.xml:209:13-76
281            android:screenOrientation="portrait" />
281-->src\main\AndroidManifest.xml:210:13-49
282        <activity
282-->src\main\AndroidManifest.xml:211:9-213:52
283            android:name="com.egamez.org.ui.activities.SelectMatchPositionActivity"
283-->src\main\AndroidManifest.xml:212:13-84
284            android:screenOrientation="portrait" />
284-->src\main\AndroidManifest.xml:213:13-49
285        <activity
285-->src\main\AndroidManifest.xml:214:9-216:52
286            android:name="com.egamez.org.ui.activities.SelectedResultActivity"
286-->src\main\AndroidManifest.xml:215:13-79
287            android:screenOrientation="portrait" />
287-->src\main\AndroidManifest.xml:216:13-49
288        <activity
288-->src\main\AndroidManifest.xml:217:9-219:52
289            android:name="com.egamez.org.ui.activities.CustomerSupportActivity"
289-->src\main\AndroidManifest.xml:218:13-80
290            android:screenOrientation="portrait" />
290-->src\main\AndroidManifest.xml:219:13-49
291        <activity
291-->src\main\AndroidManifest.xml:220:9-222:52
292            android:name="com.egamez.org.ui.activities.AboutusActivity"
292-->src\main\AndroidManifest.xml:221:13-72
293            android:screenOrientation="portrait" />
293-->src\main\AndroidManifest.xml:222:13-49
294        <activity
294-->src\main\AndroidManifest.xml:223:9-225:52
295            android:name="com.egamez.org.ui.activities.TopPlayerActivity"
295-->src\main\AndroidManifest.xml:224:13-74
296            android:screenOrientation="portrait" />
296-->src\main\AndroidManifest.xml:225:13-49
297        <activity
297-->src\main\AndroidManifest.xml:226:9-228:52
298            android:name="com.egamez.org.ui.activities.MyStatisticsActivity"
298-->src\main\AndroidManifest.xml:227:13-77
299            android:screenOrientation="portrait" />
299-->src\main\AndroidManifest.xml:228:13-49
300        <activity
300-->src\main\AndroidManifest.xml:229:9-231:52
301            android:name="com.egamez.org.ui.activities.SelectedTournamentActivity"
301-->src\main\AndroidManifest.xml:230:13-83
302            android:screenOrientation="portrait" />
302-->src\main\AndroidManifest.xml:231:13-49
303        <activity
303-->src\main\AndroidManifest.xml:232:9-235:58
304            android:name="com.egamez.org.ui.activities.JoiningMatch"
304-->src\main\AndroidManifest.xml:233:13-69
305            android:screenOrientation="portrait"
305-->src\main\AndroidManifest.xml:234:13-49
306            android:theme="@style/AppThemeplaceholder" />
306-->src\main\AndroidManifest.xml:235:13-55
307        <activity
307-->src\main\AndroidManifest.xml:236:9-238:52
308            android:name="com.egamez.org.ui.activities.TansactionSuccessActivity"
308-->src\main\AndroidManifest.xml:237:13-82
309            android:screenOrientation="portrait" />
309-->src\main\AndroidManifest.xml:238:13-49
310        <activity
310-->src\main\AndroidManifest.xml:239:9-241:52
311            android:name="com.egamez.org.ui.activities.TransactionFailActivity"
311-->src\main\AndroidManifest.xml:240:13-80
312            android:screenOrientation="portrait" />
312-->src\main\AndroidManifest.xml:241:13-49
313        <!--
314  <activity